#-----------------------------------------------------------
# Vivado v2017.1 (64-bit)
# SW Build 1846317 on Fri Apr 14 18:54:47 MDT 2017
# IP Build 1846188 on Fri Apr 14 20:52:08 MDT 2017
# Start of session at: Mon Jan  8 13:36:02 2024
# Process ID: 23526
# Current directory: /tp/xpiese5/xpiese5002/projet_fpga/signal_synchronizer_vivado/prj
# Command line: vivado
# Log file: /tp/xpiese5/xpiese5002/projet_fpga/signal_synchronizer_vivado/prj/vivado.log
# Journal file: /tp/xpiese5/xpiese5002/projet_fpga/signal_synchronizer_vivado/prj/vivado.jou
#-----------------------------------------------------------
start_gui
create_project signal_synchronizer . -part xc7z010clg400-1
INFO: [IP_Flow 19-234] Refreshing IP repositories
INFO: [IP_Flow 19-1704] No user IP repositories specified
INFO: [IP_Flow 19-2313] Loaded Vivado IP repository '/softslin/vivado_17.1/Vivado/2017.1/data/ip'.
set_property target_language VHDL [current_project]
set_property simulator_language VHDL [current_project]
add_files -norecurse {/tp/xpiese5/xpiese5002/projet_fpga/signal_synchronizer_top.vhd /tp/xpiese5/xpiese5002/projet_fpga/signal_synchronizer_tb/signal_synchronizer_tb.vhd /tp/xpiese5/xpiese5002/projet_fpga/signal_synchronizer.vhd}
add_files -fileset constrs_1 -norecurse {/tp/xpiese5/xpiese5002/projet_fpga/signal_synchronizer_vivado/xdc/physical.xdc /tp/xpiese5/xpiese5002/projet_fpga/signal_synchronizer_vivado/xdc/timing.xdc}
update_compile_order -fileset sources_1
update_compile_order -fileset sources_1
launch_runs synth_1 -jobs 4
[Mon Jan  8 13:45:00 2024] Launched synth_1...
Run output will be captured here: /tp/xpiese5/xpiese5002/projet_fpga/signal_synchronizer_vivado/prj/signal_synchronizer.runs/synth_1/runme.log
reset_run synth_1
launch_runs synth_1 -jobs 4
[Mon Jan  8 13:48:04 2024] Launched synth_1...
Run output will be captured here: /tp/xpiese5/xpiese5002/projet_fpga/signal_synchronizer_vivado/prj/signal_synchronizer.runs/synth_1/runme.log
close_project
open_project /tp/xpiese5/xpiese5002/projet_fpga/reset_synchronizer_vivado/prj/project_1.xpr
Scanning sources...
Finished scanning sources
INFO: [IP_Flow 19-234] Refreshing IP repositories
INFO: [IP_Flow 19-1704] No user IP repositories specified
INFO: [IP_Flow 19-2313] Loaded Vivado IP repository '/softslin/vivado_17.1/Vivado/2017.1/data/ip'.
update_compile_order -fileset sources_1
close_project
open_project /tp/xpiese5/xpiese5002/projet_fpga/signal_synchronizer_vivado/prj/signal_synchronizer.xpr
Scanning sources...
Finished scanning sources
INFO: [IP_Flow 19-234] Refreshing IP repositories
INFO: [IP_Flow 19-1704] No user IP repositories specified
INFO: [IP_Flow 19-2313] Loaded Vivado IP repository '/softslin/vivado_17.1/Vivado/2017.1/data/ip'.
update_compile_order -fileset sources_1
remove_files  /tp/xpiese5/xpiese5002/projet_fpga/signal_synchronizer_tb/signal_synchronizer_tb.vhd
update_compile_order -fileset sources_1
reset_run synth_1
launch_runs synth_1 -jobs 4
[Mon Jan  8 13:52:16 2024] Launched synth_1...
Run output will be captured here: /tp/xpiese5/xpiese5002/projet_fpga/signal_synchronizer_vivado/prj/signal_synchronizer.runs/synth_1/runme.log
launch_runs impl_1 -jobs 4
[Mon Jan  8 13:52:45 2024] Launched impl_1...
Run output will be captured here: /tp/xpiese5/xpiese5002/projet_fpga/signal_synchronizer_vivado/prj/signal_synchronizer.runs/impl_1/runme.log
open_run synth_1 -name synth_1
Design is defaulting to impl run constrset: constrs_1
Design is defaulting to synth run part: xc7z010clg400-1
INFO: [Netlist 29-17] Analyzing 2 Unisim elements for replacement
INFO: [Netlist 29-28] Unisim Transformation completed in 0 CPU seconds
INFO: [Project 1-479] Netlist was created with Vivado 2017.1
INFO: [Device 21-403] Loading part xc7z010clg400-1
INFO: [Project 1-570] Preparing netlist for logic optimization
Parsing XDC File [/tp/xpiese5/xpiese5002/projet_fpga/signal_synchronizer_vivado/xdc/physical.xdc]
Finished Parsing XDC File [/tp/xpiese5/xpiese5002/projet_fpga/signal_synchronizer_vivado/xdc/physical.xdc]
Parsing XDC File [/tp/xpiese5/xpiese5002/projet_fpga/signal_synchronizer_vivado/xdc/timing.xdc]
Finished Parsing XDC File [/tp/xpiese5/xpiese5002/projet_fpga/signal_synchronizer_vivado/xdc/timing.xdc]
INFO: [Opt 31-138] Pushed 0 inverter(s) to 0 load pin(s).
INFO: [Project 1-111] Unisim Transformation Summary:
No Unisim elements were transformed.

open_run: Time (s): cpu = 00:00:07 ; elapsed = 00:00:05 . Memory (MB): peak = 6681.840 ; gain = 350.582 ; free physical = 18221 ; free virtual = 40521
close_design
open_run impl_1
INFO: [Netlist 29-17] Analyzing 2 Unisim elements for replacement
INFO: [Netlist 29-28] Unisim Transformation completed in 0 CPU seconds
INFO: [Project 1-479] Netlist was created with Vivado 2017.1
INFO: [Project 1-570] Preparing netlist for logic optimization
Parsing XDC File [/tp/xpiese5/xpiese5002/projet_fpga/signal_synchronizer_vivado/prj/.Xil/Vivado-23526-cimeld106.cime.inpg.fr/dcp7/signal_synchronizer_top.xdc]
Finished Parsing XDC File [/tp/xpiese5/xpiese5002/projet_fpga/signal_synchronizer_vivado/prj/.Xil/Vivado-23526-cimeld106.cime.inpg.fr/dcp7/signal_synchronizer_top.xdc]
Reading XDEF placement.
Reading placer database...
Reading XDEF routing.
Read XDEF File: Time (s): cpu = 00:00:00.01 ; elapsed = 00:00:00.13 . Memory (MB): peak = 6994.309 ; gain = 0.000 ; free physical = 18288 ; free virtual = 40616
Restored from archive | CPU: 0.010000 secs | Memory: 0.015434 MB |
Finished XDEF File Restore: Time (s): cpu = 00:00:00.01 ; elapsed = 00:00:00.13 . Memory (MB): peak = 6994.309 ; gain = 0.000 ; free physical = 18288 ; free virtual = 40616
INFO: [Project 1-111] Unisim Transformation Summary:
No Unisim elements were transformed.

open_run synth_1 -name synth_1
Design is defaulting to impl run constrset: constrs_1
Design is defaulting to synth run part: xc7z010clg400-1
INFO: [Netlist 29-17] Analyzing 2 Unisim elements for replacement
INFO: [Netlist 29-28] Unisim Transformation completed in 0 CPU seconds
INFO: [Project 1-479] Netlist was created with Vivado 2017.1
INFO: [Project 1-570] Preparing netlist for logic optimization
Parsing XDC File [/tp/xpiese5/xpiese5002/projet_fpga/signal_synchronizer_vivado/xdc/physical.xdc]
Finished Parsing XDC File [/tp/xpiese5/xpiese5002/projet_fpga/signal_synchronizer_vivado/xdc/physical.xdc]
Parsing XDC File [/tp/xpiese5/xpiese5002/projet_fpga/signal_synchronizer_vivado/xdc/timing.xdc]
Finished Parsing XDC File [/tp/xpiese5/xpiese5002/projet_fpga/signal_synchronizer_vivado/xdc/timing.xdc]
INFO: [Opt 31-138] Pushed 0 inverter(s) to 0 load pin(s).
INFO: [Project 1-111] Unisim Transformation Summary:
No Unisim elements were transformed.

check_timing -verbose -name timing_1
INFO: [Timing 38-35] Done setting XDC timing constraints.
report_timing_summary -delay_type min_max -report_unconstrained -check_timing_verbose -max_paths 10 -input_pins -name timing_1
INFO: [Timing 38-91] UpdateTimingParams: Speed grade: -1, Delay Type: min_max.
INFO: [Timing 38-191] Multithreading enabled for timing update using a maximum of 8 CPUs
reset_run impl_1
launch_runs impl_1 -jobs 4
Writing placer database...
Writing XDEF routing.
Writing XDEF routing logical nets.
Writing XDEF routing special nets.
Write XDEF Complete: Time (s): cpu = 00:00:00.01 ; elapsed = 00:00:00.14 . Memory (MB): peak = 7238.207 ; gain = 0.000 ; free physical = 17548 ; free virtual = 40021
[Mon Jan  8 14:19:19 2024] Launched impl_1...
Run output will be captured here: /tp/xpiese5/xpiese5002/projet_fpga/signal_synchronizer_vivado/prj/signal_synchronizer.runs/impl_1/runme.log
current_design impl_1
refresh_design
INFO: [Netlist 29-17] Analyzing 2 Unisim elements for replacement
INFO: [Netlist 29-28] Unisim Transformation completed in 0 CPU seconds
INFO: [Project 1-479] Netlist was created with Vivado 2017.1
INFO: [Project 1-570] Preparing netlist for logic optimization
Parsing XDC File [/tp/xpiese5/xpiese5002/projet_fpga/signal_synchronizer_vivado/prj/.Xil/Vivado-23526-cimeld106.cime.inpg.fr/dcp12/signal_synchronizer_top.xdc]
Finished Parsing XDC File [/tp/xpiese5/xpiese5002/projet_fpga/signal_synchronizer_vivado/prj/.Xil/Vivado-23526-cimeld106.cime.inpg.fr/dcp12/signal_synchronizer_top.xdc]
Reading XDEF placement.
Reading placer database...
Reading XDEF routing.
Read XDEF File: Time (s): cpu = 00:00:00.01 ; elapsed = 00:00:00.13 . Memory (MB): peak = 7259.199 ; gain = 0.000 ; free physical = 17541 ; free virtual = 40020
Restored from archive | CPU: 0.010000 secs | Memory: 0.013863 MB |
Finished XDEF File Restore: Time (s): cpu = 00:00:00.01 ; elapsed = 00:00:00.13 . Memory (MB): peak = 7259.199 ; gain = 0.000 ; free physical = 17541 ; free virtual = 40020
launch_runs impl_1 -to_step write_bitstream -jobs 4
[Mon Jan  8 14:25:02 2024] Launched impl_1...
Run output will be captured here: /tp/xpiese5/xpiese5002/projet_fpga/signal_synchronizer_vivado/prj/signal_synchronizer.runs/impl_1/runme.log
open_hw
connect_hw_server
INFO: [Labtools 27-2285] Connecting to hw_server url TCP:localhost:3121
INFO: [Labtools 27-2222] Launching hw_server...
INFO: [Labtools 27-2221] Launch Output:

****** Xilinx hw_server v2017.1
  **** Build date : Apr 14 2017-19:01:52
    ** Copyright 1986-2017 Xilinx, Inc. All Rights Reserved.


open_hw_target
INFO: [Labtoolstcl 44-466] Opening hw_target localhost:3121/xilinx_tcf/Digilent/210351A8230BA
current_hw_device [get_hw_devices xc7z020_1]
refresh_hw_device -update_hw_probes false [lindex [get_hw_devices xc7z020_1] 0]
INFO: [Labtools 27-1434] Device xc7z020 (JTAG device index = 1) is programmed with a design that has no supported debug core(s) in it.
WARNING: [Labtools 27-3361] The debug hub core was not detected.
Resolution: 
1. Make sure the clock connected to the debug hub (dbg_hub) core is a free running clock and is active.
2. Make sure the BSCAN_SWITCH_USER_MASK device property in Vivado Hardware Manager reflects the user scan chain setting in the design and refresh the device.  To determine the user scan chain setting in the design, open the implemented design and use 'get_property C_USER_SCAN_CHAIN [get_debug_cores dbg_hub]'.
For more details on setting the scan chain property, consult the Vivado Debug and Programming User Guide (UG908).
reset_run impl_1 -prev_step 
launch_runs impl_1 -to_step write_bitstream -jobs 4
[Mon Jan  8 14:26:16 2024] Launched impl_1...
Run output will be captured here: /tp/xpiese5/xpiese5002/projet_fpga/signal_synchronizer_vivado/prj/signal_synchronizer.runs/impl_1/runme.log
refresh_hw_device [lindex [get_hw_devices xc7z020_1] 0]
INFO: [Labtools 27-1434] Device xc7z020 (JTAG device index = 1) is programmed with a design that has no supported debug core(s) in it.
WARNING: [Labtools 27-3361] The debug hub core was not detected.
Resolution: 
1. Make sure the clock connected to the debug hub (dbg_hub) core is a free running clock and is active.
2. Make sure the BSCAN_SWITCH_USER_MASK device property in Vivado Hardware Manager reflects the user scan chain setting in the design and refresh the device.  To determine the user scan chain setting in the design, open the implemented design and use 'get_property C_USER_SCAN_CHAIN [get_debug_cores dbg_hub]'.
For more details on setting the scan chain property, consult the Vivado Debug and Programming User Guide (UG908).
set_property PROBES.FILE {} [get_hw_devices xc7z020_1]
set_property FULL_PROBES.FILE {} [get_hw_devices xc7z020_1]
set_property PROGRAM.FILE {/tp/xpiese5/xpiese5002/projet_fpga/signal_synchronizer_vivado/prj/signal_synchronizer.runs/impl_1/signal_synchronizer_top.bit} [get_hw_devices xc7z020_1]
program_hw_devices [get_hw_devices xc7z020_1]
ERROR: [Labtools 27-3303] Incorrect bitstream assigned to device. Bitfile is incompatible for this device.
INFO: [Labtools 27-3164] End of startup status: HIGH
ERROR: [Common 17-39] 'program_hw_devices' failed due to earlier errors.
set_property PROBES.FILE {} [get_hw_devices xc7z020_1]
set_property FULL_PROBES.FILE {} [get_hw_devices xc7z020_1]
set_property PROGRAM.FILE {/tp/xpiese5/xpiese5002/projet_fpga/signal_synchronizer_vivado/prj/signal_synchronizer.runs/impl_1/signal_synchronizer_top.bit} [get_hw_devices xc7z020_1]
program_hw_devices [get_hw_devices xc7z020_1]
ERROR: [Labtools 27-3303] Incorrect bitstream assigned to device. Bitfile is incompatible for this device.
INFO: [Labtools 27-3164] End of startup status: HIGH
ERROR: [Common 17-39] 'program_hw_devices' failed due to earlier errors.
reset_run synth_1
WARNING: [Vivado 12-1017] Problems encountered:
1. Failed to delete one or more files in run directory /tp/xpiese5/xpiese5002/projet_fpga/signal_synchronizer_vivado/prj/signal_synchronizer.runs/synth_1

launch_runs synth_1 -jobs 4
[Mon Jan  8 14:28:34 2024] Launched synth_1...
Run output will be captured here: /tp/xpiese5/xpiese5002/projet_fpga/signal_synchronizer_vivado/prj/signal_synchronizer.runs/synth_1/runme.log
close_hw
create_run synth_2 -flow {Vivado Synthesis 2017} -strategy {Vivado Synthesis Defaults}
Run is defaulting to srcset: sources_1
Run is defaulting to constrset: constrs_1
Run is defaulting to part: xc7z010clg400-1
current_run [get_runs synth_2]
set_property part xc7z020clg400-1 [current_project]
launch_runs impl_2 -to_step write_bitstream -jobs 4
[Mon Jan  8 14:29:37 2024] Launched synth_2...
Run output will be captured here: /tp/xpiese5/xpiese5002/projet_fpga/signal_synchronizer_vivado/prj/signal_synchronizer.runs/synth_2/runme.log
[Mon Jan  8 14:29:37 2024] Launched impl_2...
Run output will be captured here: /tp/xpiese5/xpiese5002/projet_fpga/signal_synchronizer_vivado/prj/signal_synchronizer.runs/impl_2/runme.log
open_hw
connect_hw_server
INFO: [Labtools 27-2285] Connecting to hw_server url TCP:localhost:3121
INFO: [Labtools 27-2222] Launching hw_server...
INFO: [Labtools 27-2221] Launch Output:

****** Xilinx hw_server v2017.1
  **** Build date : Apr 14 2017-19:01:52
    ** Copyright 1986-2017 Xilinx, Inc. All Rights Reserved.


open_hw_target
INFO: [Labtoolstcl 44-466] Opening hw_target localhost:3121/xilinx_tcf/Digilent/210351A8230BA
current_hw_device [get_hw_devices xc7z020_1]
refresh_hw_device -update_hw_probes false [lindex [get_hw_devices xc7z020_1] 0]
INFO: [Labtools 27-1434] Device xc7z020 (JTAG device index = 1) is programmed with a design that has no supported debug core(s) in it.
WARNING: [Labtools 27-3361] The debug hub core was not detected.
Resolution: 
1. Make sure the clock connected to the debug hub (dbg_hub) core is a free running clock and is active.
2. Make sure the BSCAN_SWITCH_USER_MASK device property in Vivado Hardware Manager reflects the user scan chain setting in the design and refresh the device.  To determine the user scan chain setting in the design, open the implemented design and use 'get_property C_USER_SCAN_CHAIN [get_debug_cores dbg_hub]'.
For more details on setting the scan chain property, consult the Vivado Debug and Programming User Guide (UG908).
current_design synth_1
set_property PROBES.FILE {} [get_hw_devices xc7z020_1]
set_property FULL_PROBES.FILE {} [get_hw_devices xc7z020_1]
set_property PROGRAM.FILE {/tp/xpiese5/xpiese5002/projet_fpga/signal_synchronizer_vivado/prj/signal_synchronizer.runs/impl_2/signal_synchronizer_top.bit} [get_hw_devices xc7z020_1]
program_hw_devices [get_hw_devices xc7z020_1]
INFO: [Labtools 27-3164] End of startup status: HIGH
refresh_hw_device [lindex [get_hw_devices xc7z020_1] 0]
INFO: [Labtools 27-1434] Device xc7z020 (JTAG device index = 1) is programmed with a design that has no supported debug core(s) in it.
WARNING: [Labtools 27-3361] The debug hub core was not detected.
Resolution: 
1. Make sure the clock connected to the debug hub (dbg_hub) core is a free running clock and is active.
2. Make sure the BSCAN_SWITCH_USER_MASK device property in Vivado Hardware Manager reflects the user scan chain setting in the design and refresh the device.  To determine the user scan chain setting in the design, open the implemented design and use 'get_property C_USER_SCAN_CHAIN [get_debug_cores dbg_hub]'.
For more details on setting the scan chain property, consult the Vivado Debug and Programming User Guide (UG908).
set_property PROBES.FILE {} [get_hw_devices xc7z020_1]
set_property FULL_PROBES.FILE {} [get_hw_devices xc7z020_1]
set_property PROGRAM.FILE {/tp/xpiese5/xpiese5002/projet_fpga/signal_synchronizer_vivado/prj/signal_synchronizer.runs/impl_2/signal_synchronizer_top.bit} [get_hw_devices xc7z020_1]
program_hw_devices [get_hw_devices xc7z020_1]
INFO: [Labtools 27-3164] End of startup status: HIGH
refresh_hw_device [lindex [get_hw_devices xc7z020_1] 0]
INFO: [Labtools 27-1434] Device xc7z020 (JTAG device index = 1) is programmed with a design that has no supported debug core(s) in it.
WARNING: [Labtools 27-3361] The debug hub core was not detected.
Resolution: 
1. Make sure the clock connected to the debug hub (dbg_hub) core is a free running clock and is active.
2. Make sure the BSCAN_SWITCH_USER_MASK device property in Vivado Hardware Manager reflects the user scan chain setting in the design and refresh the device.  To determine the user scan chain setting in the design, open the implemented design and use 'get_property C_USER_SCAN_CHAIN [get_debug_cores dbg_hub]'.
For more details on setting the scan chain property, consult the Vivado Debug and Programming User Guide (UG908).
ERROR: [Labtoolstcl 44-513] HW Target shutdown. Closing target: localhost:3121/xilinx_tcf/Digilent/210351A8230BA
INFO: [Labtoolstcl 44-466] Opening hw_target localhost:3121/xilinx_tcf/Digilent/210351A8230BA
ERROR: [Labtools 27-3133] Error while setting target JTAG Clock Frequency.
INFO: [Labtoolstcl 44-466] Opening hw_target localhost:3121/xilinx_tcf/Digilent/210351A8230BA
WARNING: [Labtoolstcl 44-129] No matching hw_ila_data was found.
INFO: [Labtools 27-1434] Device xc7z020 (JTAG device index = 1) is programmed with a design that has no supported debug core(s) in it.
WARNING: [Labtools 27-3361] The debug hub core was not detected.
Resolution: 
1. Make sure the clock connected to the debug hub (dbg_hub) core is a free running clock and is active.
2. Make sure the BSCAN_SWITCH_USER_MASK device property in Vivado Hardware Manager reflects the user scan chain setting in the design and refresh the device.  To determine the user scan chain setting in the design, open the implemented design and use 'get_property C_USER_SCAN_CHAIN [get_debug_cores dbg_hub]'.
For more details on setting the scan chain property, consult the Vivado Debug and Programming User Guide (UG908).
WARNING: [Labtoolstcl 44-129] No matching hw_ila_data was found.
set_property PROBES.FILE {} [get_hw_devices xc7z020_1]
set_property FULL_PROBES.FILE {} [get_hw_devices xc7z020_1]
set_property PROGRAM.FILE {/tp/xpiese5/xpiese5002/projet_fpga/signal_synchronizer_vivado/prj/signal_synchronizer.runs/impl_2/signal_synchronizer_top.bit} [get_hw_devices xc7z020_1]
program_hw_devices [get_hw_devices xc7z020_1]
INFO: [Labtools 27-3164] End of startup status: HIGH
refresh_hw_device [lindex [get_hw_devices xc7z020_1] 0]
INFO: [Labtools 27-1434] Device xc7z020 (JTAG device index = 1) is programmed with a design that has no supported debug core(s) in it.
WARNING: [Labtools 27-3361] The debug hub core was not detected.
Resolution: 
1. Make sure the clock connected to the debug hub (dbg_hub) core is a free running clock and is active.
2. Make sure the BSCAN_SWITCH_USER_MASK device property in Vivado Hardware Manager reflects the user scan chain setting in the design and refresh the device.  To determine the user scan chain setting in the design, open the implemented design and use 'get_property C_USER_SCAN_CHAIN [get_debug_cores dbg_hub]'.
For more details on setting the scan chain property, consult the Vivado Debug and Programming User Guide (UG908).
ERROR: [Labtoolstcl 44-513] HW Target shutdown. Closing target: localhost:3121/xilinx_tcf/Digilent/210351A8230BA
INFO: [Labtoolstcl 44-466] Opening hw_target localhost:3121/xilinx_tcf/Digilent/210351A8230BA
ERROR: [Labtools 27-3133] Error while setting target JTAG Clock Frequency.
exit
INFO: [Common 17-206] Exiting Vivado at Mon Jan  8 17:30:44 2024...
